<?xml version="1.0" encoding="UTF-8"?>
<testng-results skipped="0" failed="0" ignored="0" total="2" passed="2">
  <reporter-output>
  </reporter-output>
  <suite name="Load Testing Application" duration-ms="211340" started-at="2020-03-05T06:36:21Z" finished-at="2020-03-05T06:39:52Z">
    <groups>
    </groups>
    <test name="Load testing Feature" duration-ms="211340" started-at="2020-03-05T06:36:21Z" finished-at="2020-03-05T06:39:52Z">
      <class name="com.loadtesting.tests.HomePageTest">
        <test-method status="PASS" signature="beforeSuite()[pri:0, instance:com.loadtesting.tests.HomePageTest@22f71333]" name="beforeSuite" is-config="true" duration-ms="55" started-at="2020-03-05T12:06:20Z" finished-at="2020-03-05T12:06:21Z">
          <reporter-output>
          </reporter-output>
        </test-method> <!-- beforeSuite -->
        <test-method status="PASS" signature="beforeClass()[pri:0, instance:com.loadtesting.tests.HomePageTest@22f71333]" name="beforeClass" is-config="true" duration-ms="1114" started-at="2020-03-05T12:06:21Z" finished-at="2020-03-05T12:06:22Z">
          <reporter-output>
          </reporter-output>
        </test-method> <!-- beforeClass -->
        <test-method status="PASS" signature="setUp()[pri:0, instance:com.loadtesting.tests.HomePageTest@22f71333]" name="setUp" is-config="true" duration-ms="87579" started-at="2020-03-05T12:06:22Z" finished-at="2020-03-05T12:07:49Z">
          <reporter-output>
          </reporter-output>
        </test-method> <!-- setUp -->
        <test-method status="PASS" signature="traveeling_mode()[pri:1, instance:com.loadtesting.tests.HomePageTest@22f71333]" name="traveeling_mode" duration-ms="28554" started-at="2020-03-05T12:07:49Z" finished-at="2020-03-05T12:08:18Z">
          <reporter-output>
          </reporter-output>
        </test-method> <!-- traveeling_mode -->
        <test-method status="PASS" signature="getResult(org.testng.ITestResult)[pri:0, instance:com.loadtesting.tests.HomePageTest@22f71333]" name="getResult" is-config="true" duration-ms="3113" started-at="2020-03-05T12:08:18Z" finished-at="2020-03-05T12:08:21Z">
          <params>
            <param index="0">
              <value>
                <![CDATA[[TestResult name=traveeling_mode status=SUCCESS method=HomePageTest.traveeling_mode()[pri:1, instance:com.loadtesting.tests.HomePageTest@22f71333] output={null}]]]>
              </value>
            </param>
          </params>
          <reporter-output>
          </reporter-output>
        </test-method> <!-- getResult -->
        <test-method status="PASS" signature="setUp()[pri:0, instance:com.loadtesting.tests.HomePageTest@22f71333]" name="setUp" is-config="true" duration-ms="77329" started-at="2020-03-05T12:08:21Z" finished-at="2020-03-05T12:09:38Z">
          <reporter-output>
          </reporter-output>
        </test-method> <!-- setUp -->
        <test-method status="PASS" signature="travellingwithoutStartName()[pri:2, instance:com.loadtesting.tests.HomePageTest@22f71333]" name="travellingwithoutStartName" duration-ms="11299" started-at="2020-03-05T12:09:38Z" finished-at="2020-03-05T12:09:50Z">
          <reporter-output>
          </reporter-output>
        </test-method> <!-- travellingwithoutStartName -->
        <test-method status="PASS" signature="getResult(org.testng.ITestResult)[pri:0, instance:com.loadtesting.tests.HomePageTest@22f71333]" name="getResult" is-config="true" duration-ms="678" started-at="2020-03-05T12:09:50Z" finished-at="2020-03-05T12:09:50Z">
          <params>
            <param index="0">
              <value>
                <![CDATA[[TestResult name=travellingwithoutStartName status=SUCCESS method=HomePageTest.travellingwithoutStartName()[pri:2, instance:com.loadtesting.tests.HomePageTest@22f71333] output={null}]]]>
              </value>
            </param>
          </params>
          <reporter-output>
          </reporter-output>
        </test-method> <!-- getResult -->
        <test-method status="PASS" signature="afterClass()[pri:0, instance:com.loadtesting.tests.HomePageTest@22f71333]" name="afterClass" is-config="true" duration-ms="1603" started-at="2020-03-05T12:09:50Z" finished-at="2020-03-05T12:09:52Z">
          <reporter-output>
          </reporter-output>
        </test-method> <!-- afterClass -->
        <test-method status="PASS" signature="afterSuite()[pri:0, instance:com.loadtesting.tests.HomePageTest@22f71333]" name="afterSuite" is-config="true" duration-ms="1" started-at="2020-03-05T12:09:52Z" finished-at="2020-03-05T12:09:52Z">
          <reporter-output>
          </reporter-output>
        </test-method> <!-- afterSuite -->
      </class> <!-- com.loadtesting.tests.HomePageTest -->
    </test> <!-- Load testing Feature -->
  </suite> <!-- Load Testing Application -->
</testng-results>
