<?xml version="1.0" encoding="UTF-8"?>
<!-- Generated by org.testng.reporters.JUnitXMLReporter -->
<testsuite hostname="IN-5CG7192FW6" ignored="0" name="Load testing Feature" tests="3" failures="0" timestamp="11 Mar 2020 10:30:09 GMT" time="188.17" errors="0">
  <testcase name="traveeling_mode" time="11.292" classname="com.loadtesting.tests.HomePageTest"/>
  <testcase name="travellingwithoutStartName" time="10.879" classname="com.loadtesting.tests.HomePageTest"/>
  <testcase name="VerifyHomePageTitle" time="0.361" classname="com.loadtesting.tests.HomePageTest"/>
</testsuite> <!-- Load testing Feature -->
