<?xml version="1.0" encoding="UTF-8"?>
<!-- Generated by org.testng.reporters.JUnitXMLReporter -->
<testsuite hostname="IN-5CG7192FW6" ignored="0" name="Load testing Feature" tests="2" failures="0" timestamp="05 Mar 2020 06:39:52 GMT" time="211.34" errors="0">
  <testcase name="traveeling_mode" time="28.554" classname="com.loadtesting.tests.HomePageTest"/>
  <testcase name="travellingwithoutStartName" time="11.299" classname="com.loadtesting.tests.HomePageTest"/>
</testsuite> <!-- Load testing Feature -->
